{"E:\\002_CURSOS\\Clase_23\\CLOUD\\aws-qa-cloudnative-lab\\src\\server.js": {"path":"E:\\002_CURSOS\\Clase_23\\CLOUD\\aws-qa-cloudnative-lab\\src\\server.js","statementMap":{"0":{"start":{"line":1,"column":16},"end":{"line":1,"column":34}},"1":{"start":{"line":3,"column":12},"end":{"line":3,"column":21}},"2":{"start":{"line":4,"column":0},"end":{"line":4,"column":24}},"3":{"start":{"line":6,"column":17},"end":{"line":9,"column":1}},"4":{"start":{"line":11,"column":0},"end":{"line":16,"column":3}},"5":{"start":{"line":12,"column":2},"end":{"line":15,"column":5}},"6":{"start":{"line":18,"column":0},"end":{"line":23,"column":3}},"7":{"start":{"line":19,"column":2},"end":{"line":22,"column":5}},"8":{"start":{"line":25,"column":0},"end":{"line":27,"column":3}},"9":{"start":{"line":26,"column":2},"end":{"line":26,"column":21}},"10":{"start":{"line":29,"column":0},"end":{"line":46,"column":3}},"11":{"start":{"line":30,"column":27},"end":{"line":30,"column":35}},"12":{"start":{"line":32,"column":2},"end":{"line":36,"column":3}},"13":{"start":{"line":33,"column":4},"end":{"line":35,"column":7}},"14":{"start":{"line":38,"column":21},"end":{"line":42,"column":3}},"15":{"start":{"line":44,"column":2},"end":{"line":44,"column":28}},"16":{"start":{"line":45,"column":2},"end":{"line":45,"column":35}},"17":{"start":{"line":48,"column":0},"end":{"line":53,"column":1}},"18":{"start":{"line":49,"column":15},"end":{"line":49,"column":39}},"19":{"start":{"line":50,"column":2},"end":{"line":52,"column":5}},"20":{"start":{"line":51,"column":4},"end":{"line":51,"column":47}},"21":{"start":{"line":55,"column":0},"end":{"line":55,"column":21}}},"fnMap":{"0":{"name":"(anonymous_0)","decl":{"start":{"line":11,"column":13},"end":{"line":11,"column":14}},"loc":{"start":{"line":11,"column":27},"end":{"line":16,"column":1}},"line":11},"1":{"name":"(anonymous_1)","decl":{"start":{"line":18,"column":19},"end":{"line":18,"column":20}},"loc":{"start":{"line":18,"column":33},"end":{"line":23,"column":1}},"line":18},"2":{"name":"(anonymous_2)","decl":{"start":{"line":25,"column":21},"end":{"line":25,"column":22}},"loc":{"start":{"line":25,"column":35},"end":{"line":27,"column":1}},"line":25},"3":{"name":"(anonymous_3)","decl":{"start":{"line":29,"column":22},"end":{"line":29,"column":23}},"loc":{"start":{"line":29,"column":36},"end":{"line":46,"column":1}},"line":29},"4":{"name":"(anonymous_4)","decl":{"start":{"line":50,"column":19},"end":{"line":50,"column":20}},"loc":{"start":{"line":50,"column":25},"end":{"line":52,"column":3}},"line":50}},"branchMap":{"0":{"loc":{"start":{"line":32,"column":2},"end":{"line":36,"column":3}},"type":"if","locations":[{"start":{"line":32,"column":2},"end":{"line":36,"column":3}},{"start":{},"end":{}}],"line":32},"1":{"loc":{"start":{"line":32,"column":6},"end":{"line":32,"column":22}},"type":"binary-expr","locations":[{"start":{"line":32,"column":6},"end":{"line":32,"column":11}},{"start":{"line":32,"column":15},"end":{"line":32,"column":22}}],"line":32},"2":{"loc":{"start":{"line":48,"column":0},"end":{"line":53,"column":1}},"type":"if","locations":[{"start":{"line":48,"column":0},"end":{"line":53,"column":1}},{"start":{},"end":{}}],"line":48},"3":{"loc":{"start":{"line":49,"column":15},"end":{"line":49,"column":39}},"type":"binary-expr","locations":[{"start":{"line":49,"column":15},"end":{"line":49,"column":31}},{"start":{"line":49,"column":35},"end":{"line":49,"column":39}}],"line":49}},"s":{"0":1,"1":1,"2":1,"3":1,"4":1,"5":1,"6":1,"7":1,"8":1,"9":1,"10":1,"11":2,"12":2,"13":1,"14":1,"15":1,"16":1,"17":1,"18":0,"19":0,"20":0,"21":1},"f":{"0":1,"1":1,"2":1,"3":2,"4":0},"b":{"0":[1,1],"1":[2,2],"2":[0,1],"3":[0,0]},"_coverageSchema":"1a1c01bbd47fc00a2c39e90264f33305004495a9","hash":"cf70b593040dbe8eb2c0036ed5ece5e8a36ac876"}
}
